<?xml version="1.0" encoding="UTF-8"?>
<coverage generated="1553630769996" clover="3.2.0">
  <project timestamp="1553630769996" name="All files">
    <metrics statements="13" coveredstatements="4" conditionals="4" coveredconditionals="0" methods="3" coveredmethods="1" elements="20" coveredelements="5" complexity="0" loc="13" ncloc="13" packages="1" files="2" classes="2"/>
    <file name="hello.js" path="/Users/skaistrenko/Desktop/Coding/codesmith/Projects/secureApp/app/server/src/hello.js">
      <metrics statements="4" coveredstatements="4" conditionals="0" coveredconditionals="0" methods="1" coveredmethods="1"/>
      <line num="1" count="1" type="stmt"/>
      <line num="2" count="1" type="stmt"/>
      <line num="3" count="1" type="stmt"/>
      <line num="4" count="1" type="stmt"/>
    </file>
    <file name="index.js" path="/Users/skaistrenko/Desktop/Coding/codesmith/Projects/secureApp/app/server/src/index.js">
      <metrics statements="9" coveredstatements="0" conditionals="4" coveredconditionals="0" methods="2" coveredmethods="0"/>
      <line num="1" count="0" type="stmt"/>
      <line num="2" count="0" type="stmt"/>
      <line num="4" count="0" type="stmt"/>
      <line num="5" count="0" type="stmt"/>
      <line num="7" count="0" type="stmt"/>
      <line num="8" count="0" type="cond" truecount="0" falsecount="2"/>
      <line num="9" count="0" type="cond" truecount="0" falsecount="2"/>
      <line num="10" count="0" type="stmt"/>
      <line num="15" count="0" type="stmt"/>
    </file>
  </project>
</coverage>
